<?xml version="1.0" encoding="UTF-8"?>
<!-- Generated by org.testng.reporters.JUnitReportReporter -->
<testsuite hostname="DESKTOP-L6EIHQ1" failures="0" tests="1" name="com.rl.qa.testcases.FavoritesPageTest" time="48.872" errors="0" timestamp="16 Aug 2018 04:45:07 GMT" skipped="0">
  <testcase classname="com.rl.qa.testcases.FavoritesPageTest" name="verifyNumberOfItems" time="48.872"/>
</testsuite> <!-- com.rl.qa.testcases.FavoritesPageTest -->
