<?xml version="1.0" encoding="UTF-8"?>
<!-- Generated by org.testng.reporters.JUnitReportReporter -->
<testsuite hostname="DESKTOP-L6EIHQ1" failures="0" tests="1" name="com.rl.qa.testcases.FavoritesPageTest" time="31.905" errors="0" timestamp="14 Aug 2018 18:54:24 GMT" skipped="0">
  <testcase classname="com.rl.qa.testcases.FavoritesPageTest" name="verifyNumberOfItems" time="31.905"/>
</testsuite> <!-- com.rl.qa.testcases.FavoritesPageTest -->
