<?xml version="1.0" encoding="UTF-8"?>
<!-- Generated by org.testng.reporters.JUnitReportReporter -->
<testsuite hostname="DESKTOP-L6EIHQ1" failures="0" tests="3" name="com.rl.qa.testcases.RegistrationPageTest" time="154.451" errors="0" timestamp="20 Aug 2018 13:22:44 GMT" skipped="0">
  <testcase classname="com.rl.qa.testcases.RegistrationPageTest" name="createUser" time="59.303"/>
  <testcase classname="com.rl.qa.testcases.RegistrationPageTest" name="createUser" time="45.014"/>
  <testcase classname="com.rl.qa.testcases.RegistrationPageTest" name="createUser" time="50.134"/>
</testsuite> <!-- com.rl.qa.testcases.RegistrationPageTest -->
