<?xml version="1.0" encoding="UTF-8"?>
<!-- Generated by org.testng.reporters.JUnitReportReporter -->
<testsuite hostname="DESKTOP-L6EIHQ1" failures="0" tests="1" name="com.rl.qa.testcases.RegistrationPageTest" time="27.714" errors="0" timestamp="15 Aug 2018 07:57:12 GMT" skipped="0">
  <testcase classname="com.rl.qa.testcases.RegistrationPageTest" name="verifyPageTitle" time="27.714"/>
</testsuite> <!-- com.rl.qa.testcases.RegistrationPageTest -->
